05-28 00:03:56.227625 (Engine) wlan.py:334 : wlan-notifier: event=detected
05-28 00:03:56.455875 (Engine) wlan.py:334 : wlan-notifier: event=lost
05-28 00:05:21.512375 (Engine) wlan.py:334 : wlan-notifier: event=detected
05-28 00:05:21.528375 (Engine) wlan.py:334 : wlan-notifier: event=lost
05-28 00:05:37.021750 (Engine) wlan.py:334 : wlan-notifier: event=detected
05-28 00:05:37.026750 (Engine) wlan.py:334 : wlan-notifier: event=lost
05-28 00:15:38.067625 (Engine) wlan.py:334 : wlan-notifier: event=detected
05-28 00:15:38.287625 (Engine) wlan.py:334 : wlan-notifier: event=lost
05-28 00:25:39.253125 (Engine) wlan.py:334 : wlan-notifier: event=detected
05-28 00:25:39.475125 (Engine) wlan.py:334 : wlan-notifier: event=lost
05-28 00:35:40.425875 (Engine) wlan.py:334 : wlan-notifier: event=detected
05-28 00:35:40.647000 (Engine) wlan.py:334 : wlan-notifier: event=lost
05-28 01:05:41.612500 (Engine) wlan.py:334 : wlan-notifier: event=detected
05-28 01:05:41.834500 (Engine) wlan.py:334 : wlan-notifier: event=lost
05-28 01:35:42.576875 (Engine) wlan.py:334 : wlan-notifier: event=detected
05-28 02:35:44.686625 (Engine) wlan.py:334 : wlan-notifier: event=lost
05-28 03:31:55.287625 (Engine) wlan.py:334 : wlan-notifier: event=detected
05-28 03:33:56.261125 (Engine) wlan.py:334 : wlan-notifier: event=lost
05-28 03:43:57.268750 (Engine) wlan.py:334 : wlan-notifier: event=detected
05-28 03:43:57.490750 (Engine) wlan.py:334 : wlan-notifier: event=lost
05-28 03:53:58.339875 (Engine) wlan.py:334 : wlan-notifier: event=lost
05-28 04:43:33.341375 (Engine) wlan.py:334 : wlan-notifier: event=detected
05-28 04:43:33.347375 (Engine) wlan.py:334 : wlan-notifier: event=lost
05-28 04:43:42.941125 (Engine) wlan.py:334 : wlan-notifier: event=lost
05-28 04:44:47.616375 (Engine) wlan.py:334 : wlan-notifier: event=detected
05-28 04:54:48.310625 (Engine) wlan.py:334 : wlan-notifier: event=lost
05-28 05:04:49.315625 (Engine) wlan.py:334 : wlan-notifier: event=detected
05-28 05:04:49.537625 (Engine) wlan.py:334 : wlan-notifier: event=lost
05-28 05:34:50.186625 (Engine) wlan.py:334 : wlan-notifier: event=lost
05-28 06:04:51.155000 (Engine) wlan.py:334 : wlan-notifier: event=detected
05-28 06:34:52.264375 (Engine) wlan.py:334 : wlan-notifier: event=detected
05-28 07:04:53.075250 (Engine) wlan.py:334 : wlan-notifier: event=lost
05-28 07:34:54.061250 (Engine) wlan.py:334 : wlan-notifier: event=detected
05-28 08:04:55.046625 (Engine) wlan.py:334 : wlan-notifier: event=detected
05-28 08:34:56.032375 (Engine) wlan.py:334 : wlan-notifier: event=lost
05-28 09:04:57.035375 (Engine) wlan.py:334 : wlan-notifier: event=detected
05-28 09:04:57.256375 (Engine) wlan.py:334 : wlan-notifier: event=lost
05-28 10:04:59.061250 (Engine) wlan.py:334 : wlan-notifier: event=detected
05-28 10:35:00.060625 (Engine) wlan.py:334 : wlan-notifier: event=lost
05-28 11:05:01.067625 (Engine) wlan.py:334 : wlan-notifier: event=detected
05-28 11:05:01.287625 (Engine) wlan.py:334 : wlan-notifier: event=lost
05-28 11:35:02.046625 (Engine) wlan.py:334 : wlan-notifier: event=detected
05-28 12:05:03.067625 (Engine) wlan.py:334 : wlan-notifier: event=detected
05-28 12:05:03.287625 (Engine) wlan.py:334 : wlan-notifier: event=lost
05-28 12:35:03.872125 (Engine) wlan.py:334 : wlan-notifier: event=lost
05-28 13:05:04.858125 (Engine) wlan.py:334 : wlan-notifier: event=detected
05-28 13:32:42.989625 (Engine) wlan.py:334 : wlan-notifier: event=detected
05-28 13:34:41.348250 (Engine) wlan.py:334 : wlan-notifier: event=lost
05-28 13:39:01.406625 (Engine) wlan.py:334 : wlan-notifier: event=lost
05-28 13:39:01.433875 (Engine) esocketmodule.cpp:148 : enum_iaps: iap=5, type=, full=0
05-28 13:39:01.439500 (Engine) esocketmodule.cpp:291 : enum_iaps/done: error=0, count=1
05-28 13:39:01.442500 (Engine) esocketmodule.cpp:148 : enum_iaps: iap=7, type=, full=0
05-28 13:39:01.446500 (Engine) esocketmodule.cpp:291 : enum_iaps/done: error=0, count=1
05-28 13:39:01.448500 (Engine) wlan.py:322 : wlan-notifier: known-lost=([5|LANService|u'ZONG MBB-E5573-47CA'], [7|LANService|u'ZONG MBB-E5573-47CA(01)'])
05-28 13:40:30.761375 (Engine) wlan.py:334 : wlan-notifier: event=detected
05-28 13:40:30.792625 (Engine) esocketmodule.cpp:148 : enum_iaps: iap=5, type=, full=0
05-28 13:40:30.799625 (Engine) esocketmodule.cpp:291 : enum_iaps/done: error=0, count=1
05-28 13:40:30.801625 (Engine) esocketmodule.cpp:148 : enum_iaps: iap=7, type=, full=0
05-28 13:40:30.805625 (Engine) esocketmodule.cpp:291 : enum_iaps/done: error=0, count=1
05-28 13:40:30.808625 (Engine) wlan.py:328 : wlan-notifier: known-detected=([5|LANService|u'ZONG MBB-E5573-47CA'], [7|LANService|u'ZONG MBB-E5573-47CA(01)'])
05-28 13:40:46.256750 : uidata.cpp(59) : CUiDataMtm/dtor
05-28 13:40:53.214375 (WAProcMgrServer) procmon.cpp:80 : ### Process monitor: C:\sys\bin\WhatsApp.exe #508 [2002b30d] terminated (Terminate 0)
05-28 13:40:53.221750 (WAProcMgrServer) procmgrserver.cpp:527 : ### Process Manager: Re-starting app. ###
05-28 13:40:53.369625 (WAProcMgrServer) procmgrserver.cpp:506 : ### Process Manager: Re-start state reset to: 2
05-28 13:40:53.371625 (WAProcMgrServer) procmgrserver.cpp:507 : ### Starting restart delay timer (10 secs) ...
05-28 13:40:53.377625 (WAProcMgrServer) threadmon.cpp:86 : ### Thread monitor: WhatsApp #509 [2002b30d] terminate (Terminate 0)
05-28 20:01:05.556375 (Main) procmgrserver.cpp:757 : ### Process Manager: Starting ... (pid: 484)
05-28 20:01:05.637500 (WAProcMgrServer) procmgrserver.cpp:769 : ### Process Manager: Started
05-28 20:01:05.707125 (WAProcMgrServer) procmgrserver.cpp:434 : ### Starting app startup timer (6 secs) ...
05-28 20:01:11.744375 (WAProcMgrServer) procmgrserver.cpp:536 : ### Process Manager: Timer expired, Starting app. ###
05-28 20:01:11.907250 (WAProcMgrServer) procmgrserver.cpp:506 : ### Process Manager: Re-start state reset to: 1
05-28 20:01:11.910250 (WAProcMgrServer) procmgrserver.cpp:507 : ### Starting restart delay timer (10 secs) ...
05-28 20:01:12.402625 (WhatsApp) appui.cpp:125 : AppUi/Construct
05-28 20:01:12.417250 (WhatsApp) appui.cpp:460 : platver: 5.2
05-28 20:01:12.419250 (WhatsApp) appui.cpp:720 : CAppUi/GetKbType: err=0 val=0x4 machine=0x2002bf96
05-28 20:01:13.134000 (WhatsApp) procmgrclient.cpp:102 : Add process monitor for C:\sys\bin\WhatsApp.exe #511 [2002b30d], creator [2002b310]
05-28 20:01:13.136000 (WAProcMgrServer) procmon.cpp:44 : ### Process monitor: start for C:\sys\bin\WhatsApp.exe #511 [2002b30d]
05-28 20:01:13.138000 (WhatsApp) procmgrclient.cpp:111 : Add thread monitor for WhatsApp #512
05-28 20:01:13.139000 (WAProcMgrServer) threadmon.cpp:46 : ### Thread monitor: start for WhatsApp #512 [2002b30d]
05-28 20:01:13.169250 (WhatsApp) pythonenv.cpp:188 : Py_Initialize
05-28 20:01:21.923875 (WAProcMgrServer) procmgrserver.cpp:559 : ### Process Manager: Timer expired, Re-start state reset to 1
05-28 20:01:29.809875 : uidata.cpp(53) : CUiDataMtm/ConstructL
05-28 20:01:30.686875 : uidata.cpp(64) : CUiDataMtm/GetResourceFileName
05-28 20:01:30.779625 : uidata.cpp(89) : CUiDataMtm/QueryCapability/cap: 0x101fd692
05-28 20:01:31.038625 : client.cpp(40) : CClientMtm/ConstructL (this: 0x6045b0
05-28 20:01:31.040625 : client.cpp(104) : CClientMtm/QueryCapability/cap uid: 0x102072b9
05-28 20:01:31.041625 : client.cpp(46) : CClientMtm/dtor (this: 0x6045b0
05-28 20:01:34.863375 : client.cpp(40) : CClientMtm/ConstructL (this: 0x617af0
05-28 20:01:34.866375 : client.cpp(104) : CClientMtm/QueryCapability/cap uid: 0x102072b9
05-28 20:01:34.867375 : client.cpp(46) : CClientMtm/dtor (this: 0x617af0
05-28 20:01:38.403625 (HcDelegate) procmgrclient.cpp:111 : Add thread monitor for HcDelegate #564
05-28 20:01:38.423875 (WAProcMgrServer) threadmon.cpp:46 : ### Thread monitor: start for HcDelegate #564 [2002b30d]
05-28 20:01:39.187875 (WhatsApp) installmtm.cpp:53 : CSilentInstMtm/ConstructL
05-28 20:01:39.189875 (WhatsApp) installmtm.cpp:81 : CSilentInstMtm/Install/Checking for silent uninstall in progress...
05-28 20:01:39.191875 (WhatsApp) installmtm.cpp:114 : CSilentInstMtm/Install/Checking installed MTM version
05-28 20:01:40.346750 (WhatsApp) installmtm.cpp:328 : CSilentInstMtm/IsInstallNeededL/RegistryEntry present: 1, version: (1.1.0)
05-28 20:01:40.358750 (WhatsApp) installmtm.cpp:135 : CSilentInstMtm/Install/MTM already installed
05-28 20:01:40.369750 (Engine) procmgrclient.cpp:111 : Add thread monitor for Engine #598
05-28 20:01:40.379000 (WAProcMgrServer) threadmon.cpp:46 : ### Thread monitor: start for Engine #598 [2002b30d]
05-28 20:01:51.097750 (WhatsApp) viewobject.cpp:611 : Construct view SplashView
05-28 20:01:51.135375 (WhatsApp) appui.cpp:152 : AppUi/Construct/ok
05-28 20:01:51.371500 (Engine) gettext.py:60 : locale: en-GB (1)
05-28 20:01:51.404625 (Engine) gettext.py:18 : catalog: en
05-28 20:01:53.591625 (Engine) tools.py:352 : SW 022.014 2011-07-05 RM-626 (c) Nokia
05-28 20:01:53.593750 (Engine) tools.py:353 : E7-00, S60 (5, 2)
05-28 20:01:53.595750 (Engine) tools.py:358 : WhatsApp 2.16.57 (gbe4a4ae) [2016-11-03] release
05-28 20:01:53.600750 (Engine) tools.py:368 : free: C=351.1M, Z=0, E=12.0G, D=130.1M, RAM=130.1M
05-28 20:01:53.602750 (Engine) tools.py:391 : Data files:
05-28 20:01:53.608750 (Engine) path.py:146 :   axolotl1.db (306723 bytes)
05-28 20:01:53.615750 (Engine) path.py:146 :   favorites1.db (4896 bytes)
05-28 20:01:53.668750 (Engine) path.py:146 :   MsgStore.db (1122642 bytes)
05-28 20:01:53.670750 (Engine) path.py:146 :   MsgStore.jnl (29542 bytes)
05-28 20:01:53.681750 (Engine) path.py:146 :   profile\profile.db (16954 bytes)
05-28 20:01:53.683750 (Engine) path.py:146 :   settings.db (7632 bytes)
05-28 20:01:53.691750 (Engine) path.py:146 :   usage.db (7043 bytes)
05-28 20:01:53.694750 (Engine) path.py:146 :   users1.db (830980 bytes)
05-28 20:01:53.696750 (Engine) path.py:146 :   wa_stats.log (4249 bytes)
05-28 20:01:53.748750 (Engine) tools.py:41 : clock-wrong
05-28 20:02:24.011000 (Engine) tools.py:41 : clock-wrong
05-28 20:02:55.207000 (Engine) tools.py:41 : clock-wrong
05-28 20:03:26.008000 (Engine) tools.py:41 : clock-wrong
05-28 20:03:57.010000 (Engine) tools.py:41 : clock-wrong
05-28 20:23:47.573625 (Main) procmgrserver.cpp:757 : ### Process Manager: Starting ... (pid: 481)
05-28 20:23:47.684875 (WAProcMgrServer) procmgrserver.cpp:769 : ### Process Manager: Started
05-28 20:23:47.768500 (WAProcMgrServer) procmgrserver.cpp:434 : ### Starting app startup timer (6 secs) ...
05-28 20:23:53.793250 (WAProcMgrServer) procmgrserver.cpp:536 : ### Process Manager: Timer expired, Starting app. ###
05-28 20:23:54.004750 (WAProcMgrServer) procmgrserver.cpp:506 : ### Process Manager: Re-start state reset to: 1
05-28 20:23:54.015750 (WAProcMgrServer) procmgrserver.cpp:507 : ### Starting restart delay timer (10 secs) ...
05-28 20:23:56.151625 (WhatsApp) appui.cpp:125 : AppUi/Construct
05-28 20:23:57.307875 (WhatsApp) appui.cpp:460 : platver: 5.2
05-28 20:23:57.309875 (WhatsApp) appui.cpp:720 : CAppUi/GetKbType: err=0 val=0x4 machine=0x2002bf96
05-28 20:23:58.702500 (WhatsApp) procmgrclient.cpp:102 : Add process monitor for C:\sys\bin\WhatsApp.exe #511 [2002b30d], creator [2002b310]
05-28 20:23:58.704125 (WAProcMgrServer) procmon.cpp:44 : ### Process monitor: start for C:\sys\bin\WhatsApp.exe #511 [2002b30d]
05-28 20:23:58.714125 (WhatsApp) procmgrclient.cpp:111 : Add thread monitor for WhatsApp #512
05-28 20:23:58.716125 (WAProcMgrServer) threadmon.cpp:46 : ### Thread monitor: start for WhatsApp #512 [2002b30d]
05-28 20:23:58.749375 (WhatsApp) pythonenv.cpp:188 : Py_Initialize
05-28 20:24:01.934875 : uidata.cpp(53) : CUiDataMtm/ConstructL
05-28 20:24:01.941875 : uidata.cpp(64) : CUiDataMtm/GetResourceFileName
05-28 20:24:01.965125 : uidata.cpp(89) : CUiDataMtm/QueryCapability/cap: 0x101fd692
05-28 20:24:01.971750 : uidata.cpp(89) : CUiDataMtm/QueryCapability/cap: 0x100038ec
05-28 20:24:03.577500 : uidata.cpp(89) : CUiDataMtm/QueryCapability/cap: 0x100038ec
05-28 20:24:04.040250 (WAProcMgrServer) procmgrserver.cpp:559 : ### Process Manager: Timer expired, Re-start state reset to 1
05-28 20:24:04.378000 : uidata.cpp(89) : CUiDataMtm/QueryCapability/cap: 0x100038ec
05-28 20:24:05.040625 : uidata.cpp(89) : CUiDataMtm/QueryCapability/cap: 0x100038ec
05-28 20:24:23.776625 : client.cpp(40) : CClientMtm/ConstructL (this: 0x6045c0
05-28 20:24:23.911625 : client.cpp(104) : CClientMtm/QueryCapability/cap uid: 0x102072b9
05-28 20:24:23.912625 : client.cpp(46) : CClientMtm/dtor (this: 0x6045c0
05-28 20:24:24.548250 : client.cpp(40) : CClientMtm/ConstructL (this: 0x617ac8
05-28 20:24:24.550250 : client.cpp(104) : CClientMtm/QueryCapability/cap uid: 0x102072b9
05-28 20:24:24.552250 : client.cpp(46) : CClientMtm/dtor (this: 0x617ac8
05-28 20:24:25.498750 (HcDelegate) procmgrclient.cpp:111 : Add thread monitor for HcDelegate #555
05-28 20:24:25.504000 (WAProcMgrServer) threadmon.cpp:46 : ### Thread monitor: start for HcDelegate #555 [2002b30d]
05-28 20:24:28.179875 (WhatsApp) installmtm.cpp:53 : CSilentInstMtm/ConstructL
05-28 20:24:28.181875 (WhatsApp) installmtm.cpp:81 : CSilentInstMtm/Install/Checking for silent uninstall in progress...
05-28 20:24:28.182875 (WhatsApp) installmtm.cpp:114 : CSilentInstMtm/Install/Checking installed MTM version
05-28 20:24:28.683250 (WhatsApp) installmtm.cpp:328 : CSilentInstMtm/IsInstallNeededL/RegistryEntry present: 1, version: (1.1.0)
05-28 20:24:28.705500 (WhatsApp) installmtm.cpp:135 : CSilentInstMtm/Install/MTM already installed
05-28 20:24:37.396625 (Engine) procmgrclient.cpp:111 : Add thread monitor for Engine #592
05-28 20:24:37.409250 (WAProcMgrServer) threadmon.cpp:46 : ### Thread monitor: start for Engine #592 [2002b30d]
05-28 20:24:37.765625 (WhatsApp) viewobject.cpp:611 : Construct view SplashView
05-28 20:24:37.799875 (WhatsApp) appui.cpp:152 : AppUi/Construct/ok
05-28 20:24:38.073250 (Engine) gettext.py:60 : locale: en-GB (1)
05-28 20:24:38.084250 (Engine) gettext.py:18 : catalog: en
05-28 20:24:40.383500 (Engine) tools.py:352 : SW 022.014 2011-07-05 RM-626 (c) Nokia
05-28 20:24:40.385500 (Engine) tools.py:353 : E7-00, S60 (5, 2)
05-28 20:24:40.386500 (Engine) tools.py:358 : WhatsApp 2.16.57 (gbe4a4ae) [2016-11-03] release
05-28 20:24:40.392500 (Engine) tools.py:368 : free: C=351.1M, Z=0, E=12.0G, D=126.3M, RAM=126.3M
05-28 20:24:40.393500 (Engine) tools.py:391 : Data files:
05-28 20:24:40.399500 (Engine) path.py:146 :   axolotl1.db (306723 bytes)
05-28 20:24:40.402500 (Engine) path.py:146 :   favorites1.db (4896 bytes)
05-28 20:24:40.454125 (Engine) path.py:146 :   MsgStore.db (1122642 bytes)
05-28 20:24:40.457125 (Engine) path.py:146 :   MsgStore.jnl (29542 bytes)
05-28 20:24:40.466125 (Engine) path.py:146 :   profile\profile.db (16954 bytes)
05-28 20:24:40.468125 (Engine) path.py:146 :   settings.db (7632 bytes)
05-28 20:24:40.475125 (Engine) path.py:146 :   usage.db (7043 bytes)
05-28 20:24:40.478125 (Engine) path.py:146 :   users1.db (830980 bytes)
05-28 20:24:40.481125 (Engine) path.py:146 :   wa_stats.log (4249 bytes)
05-28 20:24:40.539125 (Engine) tools.py:41 : clock-wrong
05-28 20:25:11.203875 (Engine) tools.py:41 : clock-wrong
05-28 20:25:42.033000 (Engine) tools.py:41 : clock-wrong
05-28 20:26:13.020000 (Engine) tools.py:41 : clock-wrong
05-28 20:26:44.020000 (Engine) tools.py:41 : clock-wrong
05-28 20:27:15.019000 (Engine) tools.py:41 : clock-wrong
05-28 20:27:46.019000 (Engine) tools.py:41 : clock-wrong
05-28 20:28:17.019000 (Engine) tools.py:41 : clock-wrong
05-28 20:28:48.019000 (Engine) tools.py:41 : clock-wrong
05-28 20:29:19.019000 (Engine) tools.py:41 : clock-wrong
05-28 20:29:50.019000 (Engine) tools.py:41 : clock-wrong
05-28 20:30:21.019000 (Engine) tools.py:41 : clock-wrong
05-28 20:30:52.019000 (Engine) tools.py:41 : clock-wrong
05-28 20:31:23.019000 (Engine) tools.py:41 : clock-wrong
05-28 20:31:54.019000 (Engine) tools.py:41 : clock-wrong
05-28 20:32:25.019000 (Engine) tools.py:41 : clock-wrong
05-28 20:32:56.019000 (Engine) tools.py:41 : clock-wrong
05-28 20:33:27.019000 (Engine) tools.py:41 : clock-wrong
05-28 20:33:58.019000 (Engine) tools.py:41 : clock-wrong
05-28 20:34:29.019000 (Engine) tools.py:41 : clock-wrong
05-28 20:35:00.019000 (Engine) tools.py:41 : clock-wrong
05-28 20:35:31.019000 (Engine) tools.py:41 : clock-wrong
05-28 20:36:02.019000 (Engine) tools.py:41 : clock-wrong
05-28 20:36:33.019000 (Engine) tools.py:41 : clock-wrong
05-28 20:37:04.020000 (Engine) tools.py:41 : clock-wrong
05-28 20:37:35.019000 (Engine) tools.py:41 : clock-wrong
05-28 20:38:06.019000 (Engine) tools.py:41 : clock-wrong
05-28 20:38:37.019000 (Engine) tools.py:41 : clock-wrong
05-28 20:39:08.019000 (Engine) tools.py:41 : clock-wrong
05-28 20:39:39.020000 (Engine) tools.py:41 : clock-wrong
05-28 20:40:10.019000 (Engine) tools.py:41 : clock-wrong
05-28 20:40:41.019000 (Engine) tools.py:41 : clock-wrong
05-28 20:41:12.019000 (Engine) tools.py:41 : clock-wrong
05-28 20:41:43.019000 (Engine) tools.py:41 : clock-wrong
05-28 20:42:14.019000 (Engine) tools.py:41 : clock-wrong
05-28 20:42:45.019000 (Engine) tools.py:41 : clock-wrong
05-28 20:43:16.019000 (Engine) tools.py:41 : clock-wrong
05-28 20:43:47.019000 (Engine) tools.py:41 : clock-wrong
05-28 20:44:18.019000 (Engine) tools.py:41 : clock-wrong
05-28 20:44:49.019000 (Engine) tools.py:41 : clock-wrong
05-28 20:45:20.020000 (Engine) tools.py:41 : clock-wrong
05-28 20:45:51.019000 (Engine) tools.py:41 : clock-wrong
05-28 20:46:22.019000 (Engine) tools.py:41 : clock-wrong
05-28 20:46:53.019000 (Engine) tools.py:41 : clock-wrong
05-28 20:47:24.019000 (Engine) tools.py:41 : clock-wrong
05-28 20:47:55.019000 (Engine) tools.py:41 : clock-wrong
05-28 20:48:26.019000 (Engine) tools.py:41 : clock-wrong
05-28 20:48:57.019000 (Engine) tools.py:41 : clock-wrong
05-28 20:49:28.020000 (Engine) tools.py:41 : clock-wrong
05-28 20:49:59.019000 (Engine) tools.py:41 : clock-wrong
05-28 20:50:30.019000 (Engine) tools.py:41 : clock-wrong
05-28 20:51:01.019000 (Engine) tools.py:41 : clock-wrong
05-28 20:51:32.019000 (Engine) tools.py:41 : clock-wrong
05-28 20:52:03.019000 (Engine) tools.py:41 : clock-wrong
05-28 20:52:34.019000 (Engine) tools.py:41 : clock-wrong
05-28 20:53:05.019000 (Engine) tools.py:41 : clock-wrong
05-28 20:53:15.146375 (Engine) tools.py:41 : clock-wrong
05-28 20:53:46.019000 (Engine) tools.py:41 : clock-wrong
05-28 20:54:17.019000 (Engine) tools.py:41 : clock-wrong
05-28 20:54:48.019000 (Engine) tools.py:41 : clock-wrong
05-28 20:55:19.019000 (Engine) tools.py:41 : clock-wrong
05-28 20:55:50.019000 (Engine) tools.py:41 : clock-wrong
05-28 20:56:21.019000 (Engine) tools.py:41 : clock-wrong
05-28 20:56:52.019000 (Engine) tools.py:41 : clock-wrong
05-28 20:57:23.008000 (Engine) tools.py:41 : clock-wrong
05-28 20:57:54.018000 (Engine) tools.py:41 : clock-wrong
05-28 20:58:25.039000 (Engine) tools.py:41 : clock-wrong
05-28 20:58:56.009000 (Engine) tools.py:41 : clock-wrong
05-28 20:59:27.020000 (Engine) tools.py:41 : clock-wrong
05-28 20:59:58.019000 (Engine) tools.py:41 : clock-wrong
05-28 21:00:29.019000 (Engine) tools.py:41 : clock-wrong
05-28 21:01:00.019000 (Engine) tools.py:41 : clock-wrong
05-28 21:01:31.019000 (Engine) tools.py:41 : clock-wrong
05-28 21:02:02.010000 (Engine) tools.py:41 : clock-wrong
05-28 21:02:33.019000 (Engine) tools.py:41 : clock-wrong
05-28 21:03:04.019000 (Engine) tools.py:41 : clock-wrong
05-28 21:03:35.019000 (Engine) tools.py:41 : clock-wrong
05-28 21:04:06.019000 (Engine) tools.py:41 : clock-wrong
05-28 21:04:37.019000 (Engine) tools.py:41 : clock-wrong
05-28 21:05:08.020000 (Engine) tools.py:41 : clock-wrong
05-28 21:05:39.019000 (Engine) tools.py:41 : clock-wrong
05-28 21:06:10.019000 (Engine) tools.py:41 : clock-wrong
05-28 21:06:41.019000 (Engine) tools.py:41 : clock-wrong
05-28 21:07:12.019000 (Engine) tools.py:41 : clock-wrong
05-28 21:07:43.019000 (Engine) tools.py:41 : clock-wrong
05-28 21:08:14.019000 (Engine) tools.py:41 : clock-wrong
05-28 21:08:45.019000 (Engine) tools.py:41 : clock-wrong
05-28 21:09:16.019000 (Engine) tools.py:41 : clock-wrong
05-28 21:09:47.019000 (Engine) tools.py:41 : clock-wrong
05-28 21:10:18.019000 (Engine) tools.py:41 : clock-wrong
05-28 21:10:49.019000 (Engine) tools.py:41 : clock-wrong
05-28 21:11:20.019000 (Engine) tools.py:41 : clock-wrong
05-28 21:11:51.019000 (Engine) tools.py:41 : clock-wrong
05-28 21:12:22.019000 (Engine) tools.py:41 : clock-wrong
05-28 21:12:53.019000 (Engine) tools.py:41 : clock-wrong
05-28 21:13:24.019000 (Engine) tools.py:41 : clock-wrong
05-28 21:13:55.019000 (Engine) tools.py:41 : clock-wrong
05-28 21:14:26.019000 (Engine) tools.py:41 : clock-wrong
05-28 21:14:57.020000 (Engine) tools.py:41 : clock-wrong
05-28 21:15:28.019000 (Engine) tools.py:41 : clock-wrong
05-28 21:15:59.019000 (Engine) tools.py:41 : clock-wrong
05-28 21:16:30.019000 (Engine) tools.py:41 : clock-wrong
05-28 21:17:01.019000 (Engine) tools.py:41 : clock-wrong
05-28 21:17:32.019000 (Engine) tools.py:41 : clock-wrong
05-28 21:18:03.019000 (Engine) tools.py:41 : clock-wrong
05-28 21:18:34.019000 (Engine) tools.py:41 : clock-wrong
05-28 21:19:05.019000 (Engine) tools.py:41 : clock-wrong
05-28 21:19:36.019000 (Engine) tools.py:41 : clock-wrong
05-28 21:20:07.010000 (Engine) tools.py:41 : clock-wrong
05-28 21:20:38.019000 (Engine) tools.py:41 : clock-wrong
05-28 21:21:09.019000 (Engine) tools.py:41 : clock-wrong
05-28 21:21:40.019000 (Engine) tools.py:41 : clock-wrong
05-28 21:22:11.019000 (Engine) tools.py:41 : clock-wrong
05-28 21:22:42.019000 (Engine) tools.py:41 : clock-wrong
05-28 21:23:13.019000 (Engine) tools.py:41 : clock-wrong
05-28 21:23:15.012375 (Engine) tools.py:41 : clock-wrong
05-28 21:23:46.019625 (Engine) tools.py:41 : clock-wrong
05-28 21:24:17.019625 (Engine) tools.py:41 : clock-wrong
05-28 21:24:48.019625 (Engine) tools.py:41 : clock-wrong
05-28 21:25:19.019625 (Engine) tools.py:41 : clock-wrong
05-28 21:25:50.019625 (Engine) tools.py:41 : clock-wrong
05-28 21:26:21.019625 (Engine) tools.py:41 : clock-wrong
05-28 21:26:52.019625 (Engine) tools.py:41 : clock-wrong
05-28 21:27:23.019625 (Engine) tools.py:41 : clock-wrong
05-28 21:27:54.019625 (Engine) tools.py:41 : clock-wrong
05-28 21:28:25.019625 (Engine) tools.py:41 : clock-wrong
05-28 21:28:56.019625 (Engine) tools.py:41 : clock-wrong
05-28 21:29:27.019625 (Engine) tools.py:41 : clock-wrong
05-28 21:29:58.019625 (Engine) tools.py:41 : clock-wrong
05-28 21:30:29.019625 (Engine) tools.py:41 : clock-wrong
05-28 21:31:00.019625 (Engine) tools.py:41 : clock-wrong
05-28 21:31:31.019625 (Engine) tools.py:41 : clock-wrong
05-28 21:32:02.019625 (Engine) tools.py:41 : clock-wrong
05-28 21:32:33.020625 (Engine) tools.py:41 : clock-wrong
05-28 21:33:04.019625 (Engine) tools.py:41 : clock-wrong
05-28 21:33:35.019625 (Engine) tools.py:41 : clock-wrong
05-28 21:34:06.020625 (Engine) tools.py:41 : clock-wrong
05-28 21:34:37.019625 (Engine) tools.py:41 : clock-wrong
05-28 21:35:08.019625 (Engine) tools.py:41 : clock-wrong
05-28 21:35:39.019625 (Engine) tools.py:41 : clock-wrong
05-28 21:36:10.019625 (Engine) tools.py:41 : clock-wrong
05-28 21:36:41.019625 (Engine) tools.py:41 : clock-wrong
05-28 21:37:12.019625 (Engine) tools.py:41 : clock-wrong
05-28 21:37:43.019625 (Engine) tools.py:41 : clock-wrong
05-28 21:38:14.019625 (Engine) tools.py:41 : clock-wrong
05-28 21:38:45.019625 (Engine) tools.py:41 : clock-wrong
05-28 21:39:16.015625 (Engine) tools.py:41 : clock-wrong
05-28 21:39:47.020625 (Engine) tools.py:41 : clock-wrong
05-28 21:40:18.019625 (Engine) tools.py:41 : clock-wrong
05-28 21:40:49.019625 (Engine) tools.py:41 : clock-wrong
05-28 21:41:20.019625 (Engine) tools.py:41 : clock-wrong
05-28 21:41:51.020625 (Engine) tools.py:41 : clock-wrong
05-28 21:42:22.020625 (Engine) tools.py:41 : clock-wrong
05-28 21:42:53.019625 (Engine) tools.py:41 : clock-wrong
05-28 21:43:24.019625 (Engine) tools.py:41 : clock-wrong
05-28 21:43:55.019625 (Engine) tools.py:41 : clock-wrong
05-28 21:44:26.019625 (Engine) tools.py:41 : clock-wrong
05-28 21:44:57.019625 (Engine) tools.py:41 : clock-wrong
05-28 21:45:28.019625 (Engine) tools.py:41 : clock-wrong
05-28 21:45:59.019625 (Engine) tools.py:41 : clock-wrong
05-28 21:46:30.019625 (Engine) tools.py:41 : clock-wrong
05-28 21:47:01.019625 (Engine) tools.py:41 : clock-wrong
05-28 21:47:32.019625 (Engine) tools.py:41 : clock-wrong
05-28 21:48:03.019625 (Engine) tools.py:41 : clock-wrong
05-28 21:48:34.019625 (Engine) tools.py:41 : clock-wrong
05-28 21:49:05.019625 (Engine) tools.py:41 : clock-wrong
05-28 21:49:36.019625 (Engine) tools.py:41 : clock-wrong
05-28 21:50:07.019625 (Engine) tools.py:41 : clock-wrong
05-28 21:50:38.019625 (Engine) tools.py:41 : clock-wrong
05-28 21:51:09.019625 (Engine) tools.py:41 : clock-wrong
05-28 21:51:40.020625 (Engine) tools.py:41 : clock-wrong
05-28 21:52:11.019625 (Engine) tools.py:41 : clock-wrong
05-28 21:52:42.019625 (Engine) tools.py:41 : clock-wrong
05-28 21:53:13.019625 (Engine) tools.py:41 : clock-wrong
05-28 21:53:15.009000 (Engine) tools.py:41 : clock-wrong
05-28 21:53:46.019000 (Engine) tools.py:41 : clock-wrong
05-28 21:54:17.019000 (Engine) tools.py:41 : clock-wrong
05-28 21:54:48.019000 (Engine) tools.py:41 : clock-wrong
05-28 21:55:19.019000 (Engine) tools.py:41 : clock-wrong
05-28 21:55:50.019000 (Engine) tools.py:41 : clock-wrong
05-28 21:56:21.019000 (Engine) tools.py:41 : clock-wrong
05-28 21:56:52.019000 (Engine) tools.py:41 : clock-wrong
05-28 21:57:23.019000 (Engine) tools.py:41 : clock-wrong
05-28 21:57:54.019000 (Engine) tools.py:41 : clock-wrong
05-28 21:58:25.019000 (Engine) tools.py:41 : clock-wrong
05-28 21:58:56.019000 (Engine) tools.py:41 : clock-wrong
05-28 21:59:27.019000 (Engine) tools.py:41 : clock-wrong
05-28 21:59:58.019000 (Engine) tools.py:41 : clock-wrong
05-28 22:00:29.019000 (Engine) tools.py:41 : clock-wrong
05-28 22:01:00.019000 (Engine) tools.py:41 : clock-wrong
05-28 22:01:31.019000 (Engine) tools.py:41 : clock-wrong
05-28 22:02:02.018000 (Engine) tools.py:41 : clock-wrong
05-28 22:02:33.019000 (Engine) tools.py:41 : clock-wrong
05-28 22:03:04.019000 (Engine) tools.py:41 : clock-wrong
05-28 22:03:35.019000 (Engine) tools.py:41 : clock-wrong
05-28 22:04:06.019000 (Engine) tools.py:41 : clock-wrong
05-28 22:04:37.019000 (Engine) tools.py:41 : clock-wrong
05-28 22:05:08.019000 (Engine) tools.py:41 : clock-wrong
05-28 22:05:39.019000 (Engine) tools.py:41 : clock-wrong
05-28 22:06:10.019000 (Engine) tools.py:41 : clock-wrong
05-28 22:06:41.020000 (Engine) tools.py:41 : clock-wrong
05-28 22:07:12.019000 (Engine) tools.py:41 : clock-wrong
05-28 22:07:43.019000 (Engine) tools.py:41 : clock-wrong
05-28 22:08:14.019000 (Engine) tools.py:41 : clock-wrong
05-28 22:08:45.019000 (Engine) tools.py:41 : clock-wrong
05-28 22:09:16.020000 (Engine) tools.py:41 : clock-wrong
05-28 22:09:47.019000 (Engine) tools.py:41 : clock-wrong
05-28 22:10:18.019000 (Engine) tools.py:41 : clock-wrong
05-28 22:10:49.019000 (Engine) tools.py:41 : clock-wrong
05-28 22:11:20.019000 (Engine) tools.py:41 : clock-wrong
05-28 22:11:51.019000 (Engine) tools.py:41 : clock-wrong
05-28 22:12:22.019000 (Engine) tools.py:41 : clock-wrong
05-28 22:12:53.019000 (Engine) tools.py:41 : clock-wrong
05-28 22:13:24.019000 (Engine) tools.py:41 : clock-wrong
05-28 22:13:55.019000 (Engine) tools.py:41 : clock-wrong
05-28 22:14:26.019000 (Engine) tools.py:41 : clock-wrong
05-28 22:14:57.020000 (Engine) tools.py:41 : clock-wrong
05-28 22:15:28.019000 (Engine) tools.py:41 : clock-wrong
05-28 22:15:59.019000 (Engine) tools.py:41 : clock-wrong
05-28 22:16:30.019000 (Engine) tools.py:41 : clock-wrong
05-28 22:17:01.019000 (Engine) tools.py:41 : clock-wrong
05-28 22:17:32.019000 (Engine) tools.py:41 : clock-wrong
05-28 22:18:03.019000 (Engine) tools.py:41 : clock-wrong
05-28 22:18:34.019000 (Engine) tools.py:41 : clock-wrong
05-28 22:19:05.020000 (Engine) tools.py:41 : clock-wrong
05-28 22:19:36.019000 (Engine) tools.py:41 : clock-wrong
05-28 22:20:07.019000 (Engine) tools.py:41 : clock-wrong
05-28 22:20:38.019000 (Engine) tools.py:41 : clock-wrong
05-28 22:21:09.019000 (Engine) tools.py:41 : clock-wrong
05-28 22:21:40.019000 (Engine) tools.py:41 : clock-wrong
05-28 22:22:11.019000 (Engine) tools.py:41 : clock-wrong
05-28 22:22:42.019000 (Engine) tools.py:41 : clock-wrong
05-28 22:23:13.020000 (Engine) tools.py:41 : clock-wrong
05-28 22:23:15.046625 (Engine) tools.py:41 : clock-wrong
05-28 22:23:46.019625 (Engine) tools.py:41 : clock-wrong
05-28 22:24:17.010000 (Engine) tools.py:41 : clock-wrong
05-28 22:24:48.019625 (Engine) tools.py:41 : clock-wrong
05-28 22:25:19.019625 (Engine) tools.py:41 : clock-wrong
05-28 22:25:50.019625 (Engine) tools.py:41 : clock-wrong
05-28 22:26:21.019625 (Engine) tools.py:41 : clock-wrong
05-28 22:26:52.019625 (Engine) tools.py:41 : clock-wrong
05-28 22:27:23.020625 (Engine) tools.py:41 : clock-wrong
05-28 22:27:54.019625 (Engine) tools.py:41 : clock-wrong
05-28 22:28:25.019625 (Engine) tools.py:41 : clock-wrong
05-28 22:28:56.019625 (Engine) tools.py:41 : clock-wrong
05-28 22:29:27.019625 (Engine) tools.py:41 : clock-wrong
05-28 22:29:58.019625 (Engine) tools.py:41 : clock-wrong
05-28 22:30:29.019625 (Engine) tools.py:41 : clock-wrong
05-28 22:31:00.020625 (Engine) tools.py:41 : clock-wrong
05-28 22:31:31.019625 (Engine) tools.py:41 : clock-wrong
05-28 22:32:02.019625 (Engine) tools.py:41 : clock-wrong
05-28 22:32:33.019625 (Engine) tools.py:41 : clock-wrong
05-28 22:33:04.019625 (Engine) tools.py:41 : clock-wrong
05-28 22:33:35.019625 (Engine) tools.py:41 : clock-wrong
05-28 22:34:06.019625 (Engine) tools.py:41 : clock-wrong
05-28 22:34:37.019625 (Engine) tools.py:41 : clock-wrong
05-28 22:35:08.019625 (Engine) tools.py:41 : clock-wrong
05-28 22:35:39.019625 (Engine) tools.py:41 : clock-wrong
05-28 22:36:10.019625 (Engine) tools.py:41 : clock-wrong
05-28 22:36:41.020625 (Engine) tools.py:41 : clock-wrong
05-28 22:37:12.019625 (Engine) tools.py:41 : clock-wrong
05-28 22:37:43.019625 (Engine) tools.py:41 : clock-wrong
05-28 22:38:14.019625 (Engine) tools.py:41 : clock-wrong
05-28 22:38:45.019625 (Engine) tools.py:41 : clock-wrong
05-28 22:39:16.020625 (Engine) tools.py:41 : clock-wrong
05-28 22:39:47.019625 (Engine) tools.py:41 : clock-wrong
05-28 22:40:18.019625 (Engine) tools.py:41 : clock-wrong
05-28 22:40:49.019625 (Engine) tools.py:41 : clock-wrong
05-28 22:41:20.019625 (Engine) tools.py:41 : clock-wrong
05-28 22:41:51.019625 (Engine) tools.py:41 : clock-wrong
05-28 22:42:22.019625 (Engine) tools.py:41 : clock-wrong
05-28 22:42:53.019625 (Engine) tools.py:41 : clock-wrong
05-28 22:43:24.019625 (Engine) tools.py:41 : clock-wrong
05-28 22:43:55.019625 (Engine) tools.py:41 : clock-wrong
05-28 22:44:26.019625 (Engine) tools.py:41 : clock-wrong
05-28 22:44:57.019625 (Engine) tools.py:41 : clock-wrong
05-28 22:45:28.019625 (Engine) tools.py:41 : clock-wrong
05-28 22:45:59.020625 (Engine) tools.py:41 : clock-wrong
05-28 22:46:30.019625 (Engine) tools.py:41 : clock-wrong
05-28 22:47:01.019625 (Engine) tools.py:41 : clock-wrong
05-28 22:47:32.020625 (Engine) tools.py:41 : clock-wrong
05-28 22:48:03.019625 (Engine) tools.py:41 : clock-wrong
05-28 22:48:34.019625 (Engine) tools.py:41 : clock-wrong
05-28 22:49:05.021625 (Engine) tools.py:41 : clock-wrong
05-28 22:49:36.019625 (Engine) tools.py:41 : clock-wrong
05-28 22:50:07.019625 (Engine) tools.py:41 : clock-wrong
05-28 22:50:38.019625 (Engine) tools.py:41 : clock-wrong
05-28 22:51:09.019625 (Engine) tools.py:41 : clock-wrong
05-28 22:51:40.019625 (Engine) tools.py:41 : clock-wrong
05-28 22:52:11.019625 (Engine) tools.py:41 : clock-wrong
05-28 22:52:42.019625 (Engine) tools.py:41 : clock-wrong
05-28 22:53:13.019625 (Engine) tools.py:41 : clock-wrong
05-28 22:53:14.968750 (Engine) tools.py:41 : clock-wrong
05-28 22:53:46.020625 (Engine) tools.py:41 : clock-wrong
05-28 22:54:17.020625 (Engine) tools.py:41 : clock-wrong
05-28 22:54:48.019625 (Engine) tools.py:41 : clock-wrong
05-28 22:55:19.020625 (Engine) tools.py:41 : clock-wrong
05-28 22:55:50.019625 (Engine) tools.py:41 : clock-wrong
05-28 22:56:21.019625 (Engine) tools.py:41 : clock-wrong
05-28 22:56:52.020625 (Engine) tools.py:41 : clock-wrong
05-28 22:57:23.019625 (Engine) tools.py:41 : clock-wrong
05-28 22:57:54.019625 (Engine) tools.py:41 : clock-wrong
05-28 22:58:25.020625 (Engine) tools.py:41 : clock-wrong
05-28 22:58:56.020625 (Engine) tools.py:41 : clock-wrong
05-28 22:59:27.019625 (Engine) tools.py:41 : clock-wrong
05-28 22:59:58.019625 (Engine) tools.py:41 : clock-wrong
05-28 23:00:29.019625 (Engine) tools.py:41 : clock-wrong
05-28 23:01:00.019625 (Engine) tools.py:41 : clock-wrong
05-28 23:01:31.020625 (Engine) tools.py:41 : clock-wrong
05-28 23:02:02.019625 (Engine) tools.py:41 : clock-wrong
05-28 23:02:33.019625 (Engine) tools.py:41 : clock-wrong
05-28 23:03:04.020625 (Engine) tools.py:41 : clock-wrong
05-28 23:03:35.020625 (Engine) tools.py:41 : clock-wrong
05-28 23:04:06.020625 (Engine) tools.py:41 : clock-wrong
05-28 23:04:37.019625 (Engine) tools.py:41 : clock-wrong
05-28 23:05:08.019625 (Engine) tools.py:41 : clock-wrong
05-28 23:05:39.019625 (Engine) tools.py:41 : clock-wrong
05-28 23:06:10.019625 (Engine) tools.py:41 : clock-wrong
05-28 23:06:41.020625 (Engine) tools.py:41 : clock-wrong
05-28 23:07:12.020625 (Engine) tools.py:41 : clock-wrong
05-28 23:07:43.019625 (Engine) tools.py:41 : clock-wrong
05-28 23:08:14.019625 (Engine) tools.py:41 : clock-wrong
05-28 23:08:45.019625 (Engine) tools.py:41 : clock-wrong
05-28 23:09:16.019625 (Engine) tools.py:41 : clock-wrong
05-28 23:09:47.019625 (Engine) tools.py:41 : clock-wrong
05-28 23:10:18.019625 (Engine) tools.py:41 : clock-wrong
05-28 23:10:49.019625 (Engine) tools.py:41 : clock-wrong
05-28 23:11:20.019625 (Engine) tools.py:41 : clock-wrong
05-28 23:11:51.020625 (Engine) tools.py:41 : clock-wrong
05-28 23:12:22.019625 (Engine) tools.py:41 : clock-wrong
05-28 23:12:53.020625 (Engine) tools.py:41 : clock-wrong
05-28 23:13:24.019625 (Engine) tools.py:41 : clock-wrong
05-28 23:13:55.020625 (Engine) tools.py:41 : clock-wrong
05-28 23:14:26.019625 (Engine) tools.py:41 : clock-wrong
05-28 23:14:57.019625 (Engine) tools.py:41 : clock-wrong
05-28 23:15:28.019625 (Engine) tools.py:41 : clock-wrong
05-28 23:15:59.019625 (Engine) tools.py:41 : clock-wrong
05-28 23:16:30.019625 (Engine) tools.py:41 : clock-wrong
05-28 23:17:01.019625 (Engine) tools.py:41 : clock-wrong
05-28 23:17:32.020625 (Engine) tools.py:41 : clock-wrong
05-28 23:18:03.019625 (Engine) tools.py:41 : clock-wrong
05-28 23:18:34.019625 (Engine) tools.py:41 : clock-wrong
05-28 23:19:05.021625 (Engine) tools.py:41 : clock-wrong
05-28 23:19:36.019625 (Engine) tools.py:41 : clock-wrong
05-28 23:20:07.020625 (Engine) tools.py:41 : clock-wrong
05-28 23:20:38.019625 (Engine) tools.py:41 : clock-wrong
05-28 23:21:09.019625 (Engine) tools.py:41 : clock-wrong
05-28 23:21:40.020625 (Engine) tools.py:41 : clock-wrong
05-28 23:22:11.019625 (Engine) tools.py:41 : clock-wrong
05-28 23:22:42.019625 (Engine) tools.py:41 : clock-wrong
05-28 23:23:13.020625 (Engine) tools.py:41 : clock-wrong
05-28 23:23:15.037625 (Engine) tools.py:41 : clock-wrong
05-28 23:23:46.019625 (Engine) tools.py:41 : clock-wrong
05-28 23:24:17.019625 (Engine) tools.py:41 : clock-wrong
05-28 23:24:48.019625 (Engine) tools.py:41 : clock-wrong
05-28 23:25:19.019625 (Engine) tools.py:41 : clock-wrong
05-28 23:25:50.019625 (Engine) tools.py:41 : clock-wrong
05-28 23:26:21.019625 (Engine) tools.py:41 : clock-wrong
05-28 23:26:52.019625 (Engine) tools.py:41 : clock-wrong
05-28 23:27:23.019625 (Engine) tools.py:41 : clock-wrong
05-28 23:27:54.019625 (Engine) tools.py:41 : clock-wrong
05-28 23:28:25.019625 (Engine) tools.py:41 : clock-wrong
05-28 23:28:56.019625 (Engine) tools.py:41 : clock-wrong
05-28 23:29:27.020625 (Engine) tools.py:41 : clock-wrong
05-28 23:29:58.019625 (Engine) tools.py:41 : clock-wrong
05-28 23:30:29.019625 (Engine) tools.py:41 : clock-wrong
05-28 23:31:00.019625 (Engine) tools.py:41 : clock-wrong
05-28 23:31:31.020625 (Engine) tools.py:41 : clock-wrong
05-28 23:32:02.019625 (Engine) tools.py:41 : clock-wrong
05-28 23:32:33.019625 (Engine) tools.py:41 : clock-wrong
05-28 23:33:04.019625 (Engine) tools.py:41 : clock-wrong
05-28 23:33:35.019625 (Engine) tools.py:41 : clock-wrong
05-28 23:34:06.019625 (Engine) tools.py:41 : clock-wrong
05-28 23:34:37.019625 (Engine) tools.py:41 : clock-wrong
05-28 23:35:08.019625 (Engine) tools.py:41 : clock-wrong
05-28 23:35:39.019625 (Engine) tools.py:41 : clock-wrong
05-28 23:36:10.020625 (Engine) tools.py:41 : clock-wrong
05-28 23:36:41.019625 (Engine) tools.py:41 : clock-wrong
05-28 23:37:12.010000 (Engine) tools.py:41 : clock-wrong
05-28 23:37:43.019625 (Engine) tools.py:41 : clock-wrong
05-28 23:38:14.019625 (Engine) tools.py:41 : clock-wrong
05-28 23:38:45.019625 (Engine) tools.py:41 : clock-wrong
05-28 23:39:16.019625 (Engine) tools.py:41 : clock-wrong
05-28 23:39:47.019625 (Engine) tools.py:41 : clock-wrong
05-28 23:40:18.019625 (Engine) tools.py:41 : clock-wrong
05-28 23:40:49.019625 (Engine) tools.py:41 : clock-wrong
05-28 23:41:20.020625 (Engine) tools.py:41 : clock-wrong
05-28 23:41:51.019625 (Engine) tools.py:41 : clock-wrong
05-28 23:42:22.019625 (Engine) tools.py:41 : clock-wrong
05-28 23:42:53.019625 (Engine) tools.py:41 : clock-wrong
05-28 23:43:24.019625 (Engine) tools.py:41 : clock-wrong
05-28 23:43:55.019625 (Engine) tools.py:41 : clock-wrong
05-28 23:44:26.020625 (Engine) tools.py:41 : clock-wrong
05-28 23:44:57.019625 (Engine) tools.py:41 : clock-wrong
05-28 23:45:28.019625 (Engine) tools.py:41 : clock-wrong
05-28 23:45:59.019625 (Engine) tools.py:41 : clock-wrong
05-28 23:46:30.019625 (Engine) tools.py:41 : clock-wrong
05-28 23:47:01.019625 (Engine) tools.py:41 : clock-wrong
05-28 23:47:32.019625 (Engine) tools.py:41 : clock-wrong
05-28 23:48:03.019625 (Engine) tools.py:41 : clock-wrong
05-28 23:48:34.019625 (Engine) tools.py:41 : clock-wrong
05-28 23:49:05.019625 (Engine) tools.py:41 : clock-wrong
05-28 23:49:36.019625 (Engine) tools.py:41 : clock-wrong
05-28 23:50:07.019625 (Engine) tools.py:41 : clock-wrong
05-28 23:50:38.020625 (Engine) tools.py:41 : clock-wrong
05-28 23:51:09.019625 (Engine) tools.py:41 : clock-wrong
05-28 23:51:40.019625 (Engine) tools.py:41 : clock-wrong
05-28 23:52:11.019625 (Engine) tools.py:41 : clock-wrong
05-28 23:52:42.020625 (Engine) tools.py:41 : clock-wrong
05-28 23:53:13.019625 (Engine) tools.py:41 : clock-wrong
05-28 23:53:14.972750 (Engine) tools.py:41 : clock-wrong
05-28 23:53:46.020625 (Engine) tools.py:41 : clock-wrong
05-28 23:54:17.019625 (Engine) tools.py:41 : clock-wrong
05-28 23:54:48.019625 (Engine) tools.py:41 : clock-wrong
05-28 23:55:19.019625 (Engine) tools.py:41 : clock-wrong
05-28 23:55:50.020625 (Engine) tools.py:41 : clock-wrong
05-28 23:56:21.019625 (Engine) tools.py:41 : clock-wrong
05-28 23:56:52.020625 (Engine) tools.py:41 : clock-wrong
05-28 23:57:23.019625 (Engine) tools.py:41 : clock-wrong
05-28 23:57:54.019625 (Engine) tools.py:41 : clock-wrong
05-28 23:58:25.020625 (Engine) tools.py:41 : clock-wrong
05-28 23:58:56.020625 (Engine) tools.py:41 : clock-wrong
05-28 23:59:27.019625 (Engine) tools.py:41 : clock-wrong
05-28 23:59:58.019625 (Engine) tools.py:41 : clock-wrong
